<?xml version="1.0" encoding="UTF-8"?>
<!-- Generated by org.testng.reporters.JUnitReportReporter -->
<testsuite hostname="LAPTOP-KJN1LOHG" failures="0" tests="1" name="com.souceDemo.TestClasses.TC02_VerifyLogoutFunctionality" time="2.927" errors="0" timestamp="2022-10-09T21:23:51 IST" skipped="0">
  <testcase classname="com.souceDemo.TestClasses.TC02_VerifyLogoutFunctionality" name="VerifyLogoutFunctionality" time="2.927"/>
  <system-out/>
</testsuite> <!-- com.souceDemo.TestClasses.TC02_VerifyLogoutFunctionality -->
